<?xml version="1.0" encoding="UTF-8"?>
<testng-results skipped="0" failed="0" ignored="0" total="2" passed="2">
  <reporter-output>
  </reporter-output>
  <suite name="Default suite" duration-ms="11543" started-at="2019-03-29T11:22:25Z" finished-at="2019-03-29T11:22:37Z">
    <groups>
    </groups>
    <test name="Default test" duration-ms="11543" started-at="2019-03-29T11:22:25Z" finished-at="2019-03-29T11:22:37Z">
      <class name="Demo.Maven">
        <test-method status="PASS" signature="setUpTest()[pri:0, instance:Demo.Maven@53b32d7]" name="setUpTest" is-config="true" duration-ms="4146" started-at="2019-03-29T11:22:25Z" finished-at="2019-03-29T11:22:29Z">
          <reporter-output>
          </reporter-output>
        </test-method> <!-- setUpTest -->
        <test-method status="PASS" signature="goaptiveAdminLogin()[pri:0, instance:Demo.Maven@53b32d7]" name="goaptiveAdminLogin" duration-ms="2342" started-at="2019-03-29T11:22:29Z" finished-at="2019-03-29T11:22:32Z">
          <reporter-output>
          </reporter-output>
        </test-method> <!-- goaptiveAdminLogin -->
        <test-method status="PASS" signature="setUpTest()[pri:0, instance:Demo.Maven@53b32d7]" name="setUpTest" duration-ms="3720" started-at="2019-03-29T11:22:32Z" finished-at="2019-03-29T11:22:35Z">
          <reporter-output>
          </reporter-output>
        </test-method> <!-- setUpTest -->
        <test-method status="PASS" signature="tearDownTest()[pri:0, instance:Demo.Maven@53b32d7]" name="tearDownTest" is-config="true" duration-ms="1301" started-at="2019-03-29T11:22:35Z" finished-at="2019-03-29T11:22:37Z">
          <reporter-output>
          </reporter-output>
        </test-method> <!-- tearDownTest -->
      </class> <!-- Demo.Maven -->
    </test> <!-- Default test -->
  </suite> <!-- Default suite -->
</testng-results>
